<?xml version="1.0" encoding="UTF-8"?>
<!-- Generated by org.testng.reporters.JUnitReportReporter -->
<testsuite skipped="0" hostname="DESKTOP-F2LTFAU" name="com.hrms.testcases.LoginTest" tests="1" failures="0" timestamp="2020-09-06T23:05:03 ALMT" time="17.489" errors="0">
  <testcase name="validLogin" time="17.489" classname="com.hrms.testcases.LoginTest"/>
  <system-out/>
</testsuite> <!-- com.hrms.testcases.LoginTest -->
