<?xml version="1.0" encoding="UTF-8"?>
<!-- Generated by org.testng.reporters.JUnitReportReporter -->
<testsuite skipped="0" hostname="DESKTOP-F2LTFAU" name="com.hrms.testcases.InvalidLogin" tests="1" failures="0" timestamp="2020-09-07T00:00:26 ALMT" time="12.047" errors="0">
  <testcase name="emptyUsername" time="12.047" classname="com.hrms.testcases.InvalidLogin"/>
  <system-out/>
</testsuite> <!-- com.hrms.testcases.InvalidLogin -->
